<?xml version="1.0" encoding="UTF-8"?>
<!-- Generated by org.testng.reporters.JUnitReportReporter -->
<testsuite hostname="DESKTOP-P3BU9H8" failures="0" tests="6" name="cucumberOptions.TestNgRunner" time="0.085" errors="0" timestamp="2024-09-16T19:33:32 EDT" skipped="0">
  <testcase classname="cucumberOptions.TestNgRunner" name="runScenario" time="0.066"/>
  <testcase classname="cucumberOptions.TestNgRunner" name="runScenario" time="0.005"/>
  <testcase classname="cucumberOptions.TestNgRunner" name="runScenario" time="0.003"/>
  <testcase classname="cucumberOptions.TestNgRunner" name="runScenario" time="0.003"/>
  <testcase classname="cucumberOptions.TestNgRunner" name="runScenario" time="0.004"/>
  <testcase classname="cucumberOptions.TestNgRunner" name="runScenario" time="0.004"/>
</testsuite> <!-- cucumberOptions.TestNgRunner -->
