<?xml version="1.0" encoding="UTF-8"?>
<!-- Generated by org.testng.reporters.JUnitReportReporter -->
<testsuite hostname="DESKTOP-P3BU9H8" failures="0" tests="6" name="cucumberOptions.TestNgRunner" time="0.099" errors="0" timestamp="2024-09-16T21:58:12 EDT" skipped="0">
  <testcase classname="cucumberOptions.TestNgRunner" name="runScenario" time="0.071"/>
  <testcase classname="cucumberOptions.TestNgRunner" name="runScenario" time="0.007"/>
  <testcase classname="cucumberOptions.TestNgRunner" name="runScenario" time="0.005"/>
  <testcase classname="cucumberOptions.TestNgRunner" name="runScenario" time="0.006"/>
  <testcase classname="cucumberOptions.TestNgRunner" name="runScenario" time="0.004"/>
  <testcase classname="cucumberOptions.TestNgRunner" name="runScenario" time="0.006"/>
</testsuite> <!-- cucumberOptions.TestNgRunner -->
