<?xml version="1.0" encoding="UTF-8"?>
<!-- Generated by org.testng.reporters.JUnitReportReporter -->
<testsuite hostname="DESKTOP-P3BU9H8" failures="0" tests="1" name="cucumberOptions.TestNgRunner" time="10.401" errors="0" timestamp="2024-10-03T21:39:48 EDT" skipped="0">
  <testcase classname="cucumberOptions.TestNgRunner" name="runScenario" time="10.401"/>
</testsuite> <!-- cucumberOptions.TestNgRunner -->
