<?xml version="1.0" encoding="UTF-8"?>
<!-- Generated by org.testng.reporters.JUnitReportReporter -->
<testsuite hostname="DESKTOP-P3BU9H8" failures="0" tests="1" name="cucumberOptions.TestNgRunner" time="6.309" errors="0" timestamp="2024-09-17T23:16:22 EDT" skipped="0">
  <testcase classname="cucumberOptions.TestNgRunner" name="runScenario" time="6.309"/>
</testsuite> <!-- cucumberOptions.TestNgRunner -->
