<?xml version="1.0" encoding="UTF-8"?>
<!-- Generated by org.testng.reporters.JUnitReportReporter -->
<testsuite hostname="DESKTOP-P3BU9H8" failures="1" tests="2" name="cucumberOptions.TestNgRunner" time="25.880" errors="0" timestamp="2024-10-02T21:53:57 EDT" skipped="0">
  <testcase classname="cucumberOptions.TestNgRunner" name="runScenario" time="12.940">
    <failure message="expected [No data] but found [Beetroot]" type="java.lang.AssertionError">
      <![CDATA[java.lang.AssertionError: expected [No data] but found [Beetroot]
at org.testng.Assert.fail(Assert.java:111)
at org.testng.Assert.failNotEquals(Assert.java:1578)
at org.testng.Assert.assertEqualsImpl(Assert.java:150)
at org.testng.Assert.assertEquals(Assert.java:132)
at org.testng.Assert.assertEquals(Assert.java:656)
at org.testng.Assert.assertEquals(Assert.java:666)
at stepDefinitions.OfferPageStepDefinition.user_enters_shortname_and_see_if_same_product_exists(OfferPageStepDefinition.java:46)
at âœ½.User enters same shortname Beet in offer page and see if same product exists(file:///D:/Workspace/CucumberBDDSeleniumFramework/src/test/java/features/searchProduct.feature:16)
]]>
    </failure>
  </testcase> <!-- runScenario -->
  <testcase classname="cucumberOptions.TestNgRunner" name="runScenario" time="12.940"/>
</testsuite> <!-- cucumberOptions.TestNgRunner -->
