<?xml version="1.0" encoding="UTF-8"?>
<!-- Generated by org.testng.reporters.JUnitReportReporter -->
<testsuite hostname="DESKTOP-P3BU9H8" failures="0" tests="1" name="cucumberOptions.TestNgRunner" time="10.642" errors="0" timestamp="2024-10-02T16:28:40 EDT" skipped="0">
  <testcase classname="cucumberOptions.TestNgRunner" name="runScenario" time="10.642"/>
</testsuite> <!-- cucumberOptions.TestNgRunner -->
